<?xml version="1.0" encoding="UTF-8"?>
<robot generator="Robot 4.0 (Python 3.9.2 on win32)" generated="20210328 02:02:01.789" rpa="false" schemaversion="2">
<suite id="s1" name="02 Second Test Case" source="C:\Users\no_v_\src\robotprojects\robotframeworkplayground\02_Second_Test_Case.robot">
<test id="s1-t1" name="My Second Test Case">
<kw name="Open Browser" library="SeleniumLibrary">
<arg>${URL}</arg>
<arg>${Browser}</arg>
<doc>Opens a new browser instance to the optional ``url``.</doc>
<msg timestamp="20210328 02:02:02.138" level="INFO">Opening browser 'Chrome' to base url 'https://www.facebook.com/'.</msg>
<status status="PASS" starttime="20210328 02:02:02.137" endtime="20210328 02:02:08.033"/>
</kw>
<kw name="Maximize Browser Window" library="SeleniumLibrary">
<doc>Maximizes current browser window.</doc>
<status status="PASS" starttime="20210328 02:02:08.037" endtime="20210328 02:02:08.321"/>
</kw>
<kw name="Input Text" library="SeleniumLibrary">
<arg>name:firstname</arg>
<arg>lokesh</arg>
<doc>Types the given ``text`` into the text field identified by ``locator``.</doc>
<msg timestamp="20210328 02:02:08.332" level="INFO">Typing text 'lokesh' into text field 'name:firstname'.</msg>
<kw name="Capture Page Screenshot" library="SeleniumLibrary">
<doc>Takes a screenshot of the current page and embeds it into a log file.</doc>
<msg timestamp="20210328 02:02:08.769" level="INFO" html="true">&lt;/td&gt;&lt;/tr&gt;&lt;tr&gt;&lt;td colspan="3"&gt;&lt;a href="selenium-screenshot-1.png"&gt;&lt;img src="selenium-screenshot-1.png" width="800px"&gt;&lt;/a&gt;</msg>
<status status="PASS" starttime="20210328 02:02:08.364" endtime="20210328 02:02:08.769"/>
</kw>
<msg timestamp="20210328 02:02:08.774" level="FAIL">Element with locator 'name:firstname' not found.</msg>
<status status="FAIL" starttime="20210328 02:02:08.331" endtime="20210328 02:02:08.774"/>
</kw>
<kw name="Input Text" library="SeleniumLibrary">
<arg>xpath://input[@name='lastname']</arg>
<arg>sharma</arg>
<doc>Types the given ``text`` into the text field identified by ``locator``.</doc>
<status status="NOT RUN" starttime="20210328 02:02:08.775" endtime="20210328 02:02:08.775"/>
</kw>
<kw name="Input Text" library="SeleniumLibrary">
<arg>xpath://input[@name='reg_email__']</arg>
<arg>lokesh@gmail.com</arg>
<doc>Types the given ``text`` into the text field identified by ``locator``.</doc>
<status status="NOT RUN" starttime="20210328 02:02:08.776" endtime="20210328 02:02:08.776"/>
</kw>
<kw name="Input Text" library="SeleniumLibrary">
<arg>id:u_0_u</arg>
<arg>lokesh@gmail.com</arg>
<doc>Types the given ``text`` into the text field identified by ``locator``.</doc>
<status status="NOT RUN" starttime="20210328 02:02:08.778" endtime="20210328 02:02:08.779"/>
</kw>
<kw name="Input Text" library="SeleniumLibrary">
<arg>xpath://input[@name='reg_passwd__']</arg>
<arg>1234567</arg>
<doc>Types the given ``text`` into the text field identified by ``locator``.</doc>
<status status="NOT RUN" starttime="20210328 02:02:08.779" endtime="20210328 02:02:08.779"/>
</kw>
<kw name="Select From List By Index" library="SeleniumLibrary">
<arg>name:birthday_day</arg>
<arg>21</arg>
<doc>Selects options from selection list ``locator`` by ``indexes``.</doc>
<status status="NOT RUN" starttime="20210328 02:02:08.780" endtime="20210328 02:02:08.780"/>
</kw>
<kw name="Select From List By Value" library="SeleniumLibrary">
<arg>id:month</arg>
<arg>10</arg>
<doc>Selects options from selection list ``locator`` by ``values``.</doc>
<status status="NOT RUN" starttime="20210328 02:02:08.780" endtime="20210328 02:02:08.780"/>
</kw>
<kw name="Select From List By Label" library="SeleniumLibrary">
<arg>name:birthday_year</arg>
<arg>1994</arg>
<doc>Selects options from selection list ``locator`` by ``labels``.</doc>
<status status="NOT RUN" starttime="20210328 02:02:08.781" endtime="20210328 02:02:08.781"/>
</kw>
<kw name="Select Radio Button" library="SeleniumLibrary">
<arg>sex</arg>
<arg>2</arg>
<doc>Sets the radio button group ``group_name`` to ``value``.</doc>
<status status="NOT RUN" starttime="20210328 02:02:08.781" endtime="20210328 02:02:08.782"/>
</kw>
<kw name="Click Button" library="SeleniumLibrary">
<arg>name:websubmit</arg>
<doc>Clicks the button identified by ``locator``.</doc>
<status status="NOT RUN" starttime="20210328 02:02:08.782" endtime="20210328 02:02:08.782"/>
</kw>
<kw name="Close Browser" library="SeleniumLibrary">
<doc>Closes the current browser.</doc>
<status status="NOT RUN" starttime="20210328 02:02:08.783" endtime="20210328 02:02:08.783"/>
</kw>
<status status="FAIL" starttime="20210328 02:02:02.136" endtime="20210328 02:02:08.783">Element with locator 'name:firstname' not found.</status>
</test>
<status status="FAIL" starttime="20210328 02:02:01.794" endtime="20210328 02:02:08.786"/>
</suite>
<statistics>
<total>
<stat pass="0" fail="1" skip="0">All Tests</stat>
</total>
<tag>
</tag>
<suite>
<stat pass="0" fail="1" skip="0" id="s1" name="02 Second Test Case">02 Second Test Case</stat>
</suite>
</statistics>
<errors>
</errors>
</robot>
